<?xml version="1.0" encoding="UTF-8"?>
<testsuite xmlns:xsi="http://www.w3.org/2001/XMLSchema-instance" xsi:noNamespaceSchemaLocation="https://maven.apache.org/surefire/maven-surefire-plugin/xsd/surefire-test-report.xsd" name="cdm.depaul.edu.se480.homework3.userservice.UserserviceApplicationTests" time="3.861" tests="1" errors="0" skipped="0" failures="0">
  <properties>
[...]
</properties>
  <testcase name="contextLoads" classname="cdm.depaul.edu.se480.homework3.userservice.UserserviceApplicationTests" time="0.257"/>
</testsuite>