-------------------------------------------------------------------------------
Test set: cdm.depaul.edu.se480.homework3.movierecommendationservice.MovierecommendationserviceApplicationTests
-------------------------------------------------------------------------------
Tests run: 1, Failures: 0, Errors: 1, Skipped: 0, Time elapsed: 3.128 s <<< FAILURE! - in cdm.depaul.edu.se480.homework3.movierecommendationservice.MovierecommendationserviceApplicationTests
contextLoads  Time elapsed: 0.001 s  <<< ERROR!
java.lang.IllegalStateException: Failed to load ApplicationContext
Caused by: org.springframework.beans.factory.BeanDefinitionStoreException: Failed to parse configuration class [cdm.depaul.edu.se480.homework3.movierecommendationservice.MovierecommendationserviceApplication]; nested exception is java.lang.IllegalStateException: Failed to introspect annotated methods on class cdm.depaul.edu.se480.homework3.movierecommendationservice.MovierecommendationserviceApplication
Caused by: java.lang.IllegalStateException: Failed to introspect annotated methods on class cdm.depaul.edu.se480.homework3.movierecommendationservice.MovierecommendationserviceApplication
Caused by: java.lang.IllegalStateException: Failed to introspect Class [cdm.depaul.edu.se480.homework3.movierecommendationservice.MovierecommendationserviceApplication] from ClassLoader [sun.misc.Launcher$AppClassLoader@42a57993]
Caused by: java.lang.NoClassDefFoundError: cdm/depaul/edu/se480/homework3/userservice/controller/UserServiceController
Caused by: java.lang.ClassNotFoundException: cdm.depaul.edu.se480.homework3.userservice.controller.UserServiceController

